Release 13.1 - ngc2edif O.40d (nt64)
Copyright (c) 1995-2011 Xilinx, Inc.  All rights reserved.
Reading design CK.ngc ...
WARNING:NetListWriters:298 - No output is written to CK.xncf, ignored.
Processing design ...
   Preping design's networks ...
   Preping design's macros ...
  finished :Prep
Writing EDIF netlist file CK.edif ...
ngc2edif: Total memory usage is 89256 kilobytes

Release 13.1 - ngc2edif O.40d (nt64)
Copyright (c) 1995-2011 Xilinx, Inc.  All rights reserved.
Reading design CK.ngc ...
WARNING:NetListWriters:298 - No output is written to CK.xncf, ignored.
Processing design ...
   Preping design's networks ...
   Preping design's macros ...
  finished :Prep
Writing EDIF netlist file CK.edif ...
ngc2edif: Total memory usage is 89000 kilobytes

